This file contains any messages produced by compilers while
running configure, to aid debugging if configure makes a mistake.

It was created by opcodes configure 2.30, which was
generated by GNU Autoconf 2.64.  Invocation command line was

  $ /Users/dengyouxu/Developer/Software/openjdk8u/jdk8u-xcode10/jdk8u-dev/hotspot/src/share/tools/binutils/binutils-2.30/opcodes/configure --srcdir=/Users/dengyouxu/Developer/Software/openjdk8u/jdk8u-xcode10/jdk8u-dev/hotspot/src/share/tools/binutils/binutils-2.30/opcodes --cache-file=./config.cache --disable-nls --program-transform-name=s,y,y, --disable-option-checking --build=x86_64-apple-darwin21.6.0 --host=x86_64-apple-darwin21.6.0 --target=x86_64-apple-darwin21.6.0

## --------- ##
## Platform. ##
## --------- ##

hostname = dengyouxudeMacBook-Pro.local
uname -m = x86_64
uname -r = 21.6.0
uname -s = Darwin
uname -v = Darwin Kernel Version 21.6.0: Thu Jun  8 23:57:12 PDT 2023; root:xnu-8020.240.18.701.6~1/RELEASE_X86_64

/usr/bin/uname -p = i386
/bin/uname -X     = unknown

/bin/arch              = unknown
/usr/bin/arch -k       = unknown
/usr/convex/getsysinfo = unknown
/usr/bin/hostinfo      = Mach kernel version:
	 Darwin Kernel Version 21.6.0: Thu Jun  8 23:57:12 PDT 2023; root:xnu-8020.240.18.701.6~1/RELEASE_X86_64
Kernel configured for up to 8 processors.
4 processors are physically available.
8 processors are logically available.
Processor type: x86_64h (Intel x86-64h Haswell)
Processors active: 0 1 2 3 4 5 6 7
Primary memory available: 16.00 gigabytes
Default processor set: 451 tasks, 5372 threads, 8 processors
Load average: 30.81, Mach factor: 2.53
/bin/machine           = unknown
/usr/bin/oslevel       = unknown
/bin/universe          = unknown

PATH: /Users/dengyouxu/Developer/Software/maven-mvnd-1.0-m6-m39-darwin-amd64/bin
PATH: /Volumes/Work/Software/gcc-3.4.6-for-linux32/bin
PATH: /Volumes/Work/Software/gcc-4.8.5-for-linux64/bin
PATH: /opt/gcc-4.9.4/bin
PATH: /opt/local/bin
PATH: /opt/local/sbin
PATH: /Library/Frameworks/Python.framework/Versions/2.7/bin
PATH: /Users/dengyouxu/Developer/Software/kafka-eagle-web-1.4.8/bin
PATH: /Users/dengyouxu/Developer/Software/apache-ant-1.7.1/bin
PATH: /Users/dengyouxu/Developer/Software/kotlin-1.3.60/bin
PATH: /Users/dengyouxu/Developer/Software/gradle-5.6.2/bin
PATH: /Users/dengyouxu/Developer/Software/apache-maven-3.6.3/bin
PATH: /Library/Java/JavaVirtualMachines/jdk1.8.0_291.jdk/Contents/Home/bin
PATH: /usr/local/bin
PATH: /usr/bin
PATH: /bin
PATH: /usr/sbin
PATH: /sbin
PATH: /usr/local/go/bin
PATH: /usr/local/share/dotnet
PATH: ~/.dotnet/tools
PATH: /Library/Apple/usr/bin
PATH: /Library/Frameworks/Mono.framework/Versions/Current/Commands
PATH: .
PATH: /Users/dengyouxu/aspectj1.9/bin
PATH: .
PATH: /Users/dengyouxu/Developer/AndroidSDK/tools
PATH: /Users/dengyouxu/Developer/AndroidSDK/platform-tools
PATH: /Users/dengyouxu/Developer/Software/groovy-3.0.5/bin
PATH: /usr/local/mysql/bin
PATH: /usr/local/go/bin
PATH: /Users/dengyouxu/Developer/Software/scala-2.13.3/bin
PATH: /usr/local/Cellar/rabbitmq/3.8.16/sbin
PATH: /Users/dengyouxu/Developer/Software/sbt/bin


## ----------- ##
## Core tests. ##
## ----------- ##

configure:2187: creating cache ./config.cache
configure:2292: checking build system type
configure:2306: result: x86_64-apple-darwin21.6.0
configure:2326: checking host system type
configure:2339: result: x86_64-apple-darwin21.6.0
configure:2359: checking target system type
configure:2372: result: x86_64-apple-darwin21.6.0
configure:2406: checking for x86_64-apple-darwin21.6.0-gcc
configure:2433: result: gcc
configure:2702: checking for C compiler version
configure:2711: gcc --version >&5
Apple clang version 14.0.0 (clang-1400.0.29.202)
Target: x86_64-apple-darwin21.6.0
Thread model: posix
InstalledDir: /Applications/Xcode.app/Contents/Developer/Toolchains/XcodeDefault.xctoolchain/usr/bin
configure:2722: $? = 0
configure:2711: gcc -v >&5
Apple clang version 14.0.0 (clang-1400.0.29.202)
Target: x86_64-apple-darwin21.6.0
Thread model: posix
InstalledDir: /Applications/Xcode.app/Contents/Developer/Toolchains/XcodeDefault.xctoolchain/usr/bin
configure:2722: $? = 0
configure:2711: gcc -V >&5
clang: error: argument to '-V' is missing (expected 1 value)
clang: error: no input files
configure:2722: $? = 1
configure:2711: gcc -qversion >&5
clang: error: unknown argument '-qversion'; did you mean '--version'?
clang: error: no input files
configure:2722: $? = 1
configure:2742: checking for C compiler default output file name
configure:2764: gcc -fPIC -O     conftest.c  >&5
configure:2768: $? = 0
configure:2805: result: a.out
configure:2821: checking whether the C compiler works
configure:2830: ./a.out
configure:2834: $? = 0
configure:2849: result: yes
configure:2856: checking whether we are cross compiling
configure:2858: result: no
configure:2861: checking for suffix of executables
configure:2868: gcc -o conftest -fPIC -O     conftest.c  >&5
configure:2872: $? = 0
configure:2894: result: 
configure:2900: checking for suffix of object files
configure:2922: gcc -c -fPIC -O  conftest.c >&5
configure:2926: $? = 0
configure:2947: result: o
configure:2951: checking whether we are using the GNU C compiler
configure:2970: gcc -c -fPIC -O  conftest.c >&5
configure:2970: $? = 0
configure:2979: result: yes
configure:2988: checking whether gcc accepts -g
configure:3008: gcc -c -g  conftest.c >&5
configure:3008: $? = 0
configure:3049: result: yes
configure:3066: checking for gcc option to accept ISO C89
configure:3130: gcc  -c -fPIC -O  conftest.c >&5
configure:3130: $? = 0
configure:3143: result: none needed
configure:3164: checking for library containing strerror
configure:3195: gcc -o conftest -fPIC -O     conftest.c  >&5
conftest.c:16:6: warning: incompatible redeclaration of library function 'strerror' [-Wincompatible-library-redeclaration]
char strerror ();
     ^
conftest.c:16:6: note: 'strerror' is a builtin with type 'char *(int)'
1 warning generated.
configure:3195: $? = 0
configure:3212: result: none required
configure:3237: checking for a BSD-compatible install
configure:3305: result: /usr/local/bin/ginstall -c
configure:3316: checking whether build environment is sane
configure:3366: result: yes
configure:3507: checking for a thread-safe mkdir -p
configure:3546: result: /usr/local/bin/gmkdir -p
configure:3559: checking for gawk
configure:3586: result: gawk
configure:3597: checking whether make sets $(MAKE)
configure:3619: result: yes
configure:3649: checking for style of include used by make
configure:3677: result: GNU
configure:3763: checking dependency style of gcc
configure:3874: result: gcc3
configure:3899: checking for x86_64-apple-darwin21.6.0-gcc
configure:3926: result: gcc
configure:4195: checking for C compiler version
configure:4204: gcc --version >&5
Apple clang version 14.0.0 (clang-1400.0.29.202)
Target: x86_64-apple-darwin21.6.0
Thread model: posix
InstalledDir: /Applications/Xcode.app/Contents/Developer/Toolchains/XcodeDefault.xctoolchain/usr/bin
configure:4215: $? = 0
configure:4204: gcc -v >&5
Apple clang version 14.0.0 (clang-1400.0.29.202)
Target: x86_64-apple-darwin21.6.0
Thread model: posix
InstalledDir: /Applications/Xcode.app/Contents/Developer/Toolchains/XcodeDefault.xctoolchain/usr/bin
configure:4215: $? = 0
configure:4204: gcc -V >&5
clang: error: argument to '-V' is missing (expected 1 value)
clang: error: no input files
configure:4215: $? = 1
configure:4204: gcc -qversion >&5
clang: error: unknown argument '-qversion'; did you mean '--version'?
clang: error: no input files
configure:4215: $? = 1
configure:4219: checking whether we are using the GNU C compiler
configure:4247: result: yes
configure:4256: checking whether gcc accepts -g
configure:4317: result: yes
configure:4334: checking for gcc option to accept ISO C89
configure:4411: result: none needed
configure:4436: checking how to run the C preprocessor
configure:4467: gcc -E  conftest.c
configure:4467: $? = 0
configure:4481: gcc -E  conftest.c
conftest.c:11:10: fatal error: 'ac_nonexistent.h' file not found
#include <ac_nonexistent.h>
         ^~~~~~~~~~~~~~~~~~
1 error generated.
configure:4481: $? = 1
configure: failed program was:
| /* confdefs.h */
| #define PACKAGE_NAME "opcodes"
| #define PACKAGE_TARNAME "opcodes"
| #define PACKAGE_VERSION "2.30"
| #define PACKAGE_STRING "opcodes 2.30"
| #define PACKAGE_BUGREPORT ""
| #define PACKAGE_URL ""
| #define PACKAGE "opcodes"
| #define VERSION "2.30"
| /* end confdefs.h.  */
| #include <ac_nonexistent.h>
configure:4506: result: gcc -E
configure:4526: gcc -E  conftest.c
configure:4526: $? = 0
configure:4540: gcc -E  conftest.c
conftest.c:11:10: fatal error: 'ac_nonexistent.h' file not found
#include <ac_nonexistent.h>
         ^~~~~~~~~~~~~~~~~~
1 error generated.
configure:4540: $? = 1
configure: failed program was:
| /* confdefs.h */
| #define PACKAGE_NAME "opcodes"
| #define PACKAGE_TARNAME "opcodes"
| #define PACKAGE_VERSION "2.30"
| #define PACKAGE_STRING "opcodes 2.30"
| #define PACKAGE_BUGREPORT ""
| #define PACKAGE_URL ""
| #define PACKAGE "opcodes"
| #define VERSION "2.30"
| /* end confdefs.h.  */
| #include <ac_nonexistent.h>
configure:4569: checking for grep that handles long lines and -e
configure:4627: result: /usr/local/bin/ggrep
configure:4632: checking for egrep
configure:4694: result: /usr/local/bin/ggrep -E
configure:4699: checking for ANSI C header files
configure:4719: gcc -c -fPIC -O  conftest.c >&5
configure:4719: $? = 0
configure:4792: gcc -o conftest -fPIC -O     conftest.c  >&5
configure:4792: $? = 0
configure:4792: ./conftest
configure:4792: $? = 0
configure:4803: result: yes
configure:4816: checking for sys/types.h
configure:4816: gcc -c -fPIC -O  conftest.c >&5
configure:4816: $? = 0
configure:4816: result: yes
configure:4816: checking for sys/stat.h
configure:4816: gcc -c -fPIC -O  conftest.c >&5
configure:4816: $? = 0
configure:4816: result: yes
configure:4816: checking for stdlib.h
configure:4816: gcc -c -fPIC -O  conftest.c >&5
configure:4816: $? = 0
configure:4816: result: yes
configure:4816: checking for string.h
configure:4816: gcc -c -fPIC -O  conftest.c >&5
configure:4816: $? = 0
configure:4816: result: yes
configure:4816: checking for memory.h
configure:4816: gcc -c -fPIC -O  conftest.c >&5
configure:4816: $? = 0
configure:4816: result: yes
configure:4816: checking for strings.h
configure:4816: gcc -c -fPIC -O  conftest.c >&5
configure:4816: $? = 0
configure:4816: result: yes
configure:4816: checking for inttypes.h
configure:4816: gcc -c -fPIC -O  conftest.c >&5
configure:4816: $? = 0
configure:4816: result: yes
configure:4816: checking for stdint.h
configure:4816: gcc -c -fPIC -O  conftest.c >&5
configure:4816: $? = 0
configure:4816: result: yes
configure:4816: checking for unistd.h
configure:4816: gcc -c -fPIC -O  conftest.c >&5
configure:4816: $? = 0
configure:4816: result: yes
configure:4830: checking minix/config.h usability
configure:4830: gcc -c -fPIC -O  conftest.c >&5
conftest.c:54:10: fatal error: 'minix/config.h' file not found
#include <minix/config.h>
         ^~~~~~~~~~~~~~~~
1 error generated.
configure:4830: $? = 1
configure: failed program was:
| /* confdefs.h */
| #define PACKAGE_NAME "opcodes"
| #define PACKAGE_TARNAME "opcodes"
| #define PACKAGE_VERSION "2.30"
| #define PACKAGE_STRING "opcodes 2.30"
| #define PACKAGE_BUGREPORT ""
| #define PACKAGE_URL ""
| #define PACKAGE "opcodes"
| #define VERSION "2.30"
| #define STDC_HEADERS 1
| #define HAVE_SYS_TYPES_H 1
| #define HAVE_SYS_STAT_H 1
| #define HAVE_STDLIB_H 1
| #define HAVE_STRING_H 1
| #define HAVE_MEMORY_H 1
| #define HAVE_STRINGS_H 1
| #define HAVE_INTTYPES_H 1
| #define HAVE_STDINT_H 1
| #define HAVE_UNISTD_H 1
| /* end confdefs.h.  */
| #include <stdio.h>
| #ifdef HAVE_SYS_TYPES_H
| # include <sys/types.h>
| #endif
| #ifdef HAVE_SYS_STAT_H
| # include <sys/stat.h>
| #endif
| #ifdef STDC_HEADERS
| # include <stdlib.h>
| # include <stddef.h>
| #else
| # ifdef HAVE_STDLIB_H
| #  include <stdlib.h>
| # endif
| #endif
| #ifdef HAVE_STRING_H
| # if !defined STDC_HEADERS && defined HAVE_MEMORY_H
| #  include <memory.h>
| # endif
| # include <string.h>
| #endif
| #ifdef HAVE_STRINGS_H
| # include <strings.h>
| #endif
| #ifdef HAVE_INTTYPES_H
| # include <inttypes.h>
| #endif
| #ifdef HAVE_STDINT_H
| # include <stdint.h>
| #endif
| #ifdef HAVE_UNISTD_H
| # include <unistd.h>
| #endif
| #include <minix/config.h>
configure:4830: result: no
configure:4830: checking minix/config.h presence
configure:4830: gcc -E  conftest.c
conftest.c:21:10: fatal error: 'minix/config.h' file not found
#include <minix/config.h>
         ^~~~~~~~~~~~~~~~
1 error generated.
configure:4830: $? = 1
configure: failed program was:
| /* confdefs.h */
| #define PACKAGE_NAME "opcodes"
| #define PACKAGE_TARNAME "opcodes"
| #define PACKAGE_VERSION "2.30"
| #define PACKAGE_STRING "opcodes 2.30"
| #define PACKAGE_BUGREPORT ""
| #define PACKAGE_URL ""
| #define PACKAGE "opcodes"
| #define VERSION "2.30"
| #define STDC_HEADERS 1
| #define HAVE_SYS_TYPES_H 1
| #define HAVE_SYS_STAT_H 1
| #define HAVE_STDLIB_H 1
| #define HAVE_STRING_H 1
| #define HAVE_MEMORY_H 1
| #define HAVE_STRINGS_H 1
| #define HAVE_INTTYPES_H 1
| #define HAVE_STDINT_H 1
| #define HAVE_UNISTD_H 1
| /* end confdefs.h.  */
| #include <minix/config.h>
configure:4830: result: no
configure:4830: checking for minix/config.h
configure:4830: result: no
configure:4851: checking whether it is safe to define __EXTENSIONS__
configure:4869: gcc -c -fPIC -O  conftest.c >&5
configure:4869: $? = 0
configure:4876: result: yes
configure:4896: checking for x86_64-apple-darwin21.6.0-ar
configure:4923: result: ar
configure:4988: checking for x86_64-apple-darwin21.6.0-ranlib
configure:5015: result: ranlib
configure:5156: checking how to print strings
configure:5183: result: printf
configure:5204: checking for a sed that does not truncate output
configure:5268: result: /usr/local/bin/gsed
configure:5286: checking for fgrep
configure:5348: result: /usr/local/bin/ggrep -F
configure:5383: checking for ld used by gcc
configure:5450: result: /Applications/Xcode.app/Contents/Developer/Toolchains/XcodeDefault.xctoolchain/usr/bin/ld
configure:5457: checking if the linker (/Applications/Xcode.app/Contents/Developer/Toolchains/XcodeDefault.xctoolchain/usr/bin/ld) is GNU ld
configure:5472: result: no
configure:5484: checking for BSD- or MS-compatible name lister (nm)
configure:5533: result: nm
configure:5663: checking the name lister (nm) interface
configure:5670: gcc -c -fPIC -O  conftest.c >&5
configure:5673: nm "conftest.o"
configure:5676: output
0000000000000000 S _some_variable
configure:5683: result: BSD nm
configure:5686: checking whether ln -s works
configure:5690: result: yes
configure:5698: checking the maximum length of command line arguments
configure:5823: result: 786432
configure:5840: checking whether the shell understands some XSI constructs
configure:5850: result: yes
configure:5854: checking whether the shell understands "+="
configure:5860: result: yes
configure:5895: checking for /Applications/Xcode.app/Contents/Developer/Toolchains/XcodeDefault.xctoolchain/usr/bin/ld option to reload object files
configure:5902: result: -r
configure:5931: checking for x86_64-apple-darwin21.6.0-objdump
configure:5958: result: objdump
configure:6030: checking how to recognize dependent libraries
configure:6231: result: pass_all
configure:6251: checking for x86_64-apple-darwin21.6.0-ar
configure:6278: result: ar
configure:6356: checking for x86_64-apple-darwin21.6.0-strip
configure:6386: result: no
configure:6396: checking for strip
configure:6412: found /usr/bin/strip
configure:6423: result: strip
configure:6455: checking for x86_64-apple-darwin21.6.0-ranlib
configure:6482: result: ranlib
configure:6624: checking command to parse nm output from gcc object
configure:6742: gcc -c -fPIC -O  conftest.c >&5
configure:6745: $? = 0
configure:6749: nm conftest.o \| sed -n -e 's/^.*[ ]\([ABCDGIRSTW][ABCDGIRSTW]*\)[ ][ ]*\([_A-Za-z][_A-Za-z0-9]*\)$/\1 \2 \2/p' \> conftest.nm
configure:6752: $? = 0
cannot find nm_test_var in conftest.nm
configure:6742: gcc -c -fPIC -O  conftest.c >&5
configure:6745: $? = 0
configure:6749: nm conftest.o \| sed -n -e 's/^.*[ ]\([ABCDGIRSTW][ABCDGIRSTW]*\)[ ][ ]*_\([_A-Za-z][_A-Za-z0-9]*\)$/\1 _\2 \2/p' \> conftest.nm
configure:6752: $? = 0
configure:6806: gcc -o conftest -fPIC -O     conftest.c conftstm.o >&5
configure:6809: $? = 0
configure:6847: result: ok
configure:7084: checking for x86_64-apple-darwin21.6.0-dsymutil
configure:7114: result: no
configure:7124: checking for dsymutil
configure:7140: found /usr/bin/dsymutil
configure:7151: result: dsymutil
configure:7176: checking for x86_64-apple-darwin21.6.0-nmedit
configure:7206: result: no
configure:7216: checking for nmedit
configure:7232: found /usr/bin/nmedit
configure:7243: result: nmedit
configure:7268: checking for x86_64-apple-darwin21.6.0-lipo
configure:7298: result: no
configure:7308: checking for lipo
configure:7324: found /usr/bin/lipo
configure:7335: result: lipo
configure:7360: checking for x86_64-apple-darwin21.6.0-otool
configure:7390: result: no
configure:7400: checking for otool
configure:7416: found /usr/bin/otool
configure:7427: result: otool
configure:7452: checking for x86_64-apple-darwin21.6.0-otool64
configure:7482: result: no
configure:7492: checking for otool64
configure:7522: result: no
configure:7567: checking for -single_module linker flag
gcc -fPIC -O    -o libconftest.dylib -dynamiclib -Wl,-single_module conftest.c
configure:7594: result: yes
configure:7596: checking for -exported_symbols_list linker flag
configure:7616: gcc -o conftest -fPIC -O     -Wl,-exported_symbols_list,conftest.sym conftest.c  >&5
configure:7616: $? = 0
configure:7626: result: yes
configure:7628: checking for -force_load linker flag
gcc -fPIC -O -c -o conftest.o conftest.c
ar cru libconftest.a conftest.o
gcc -fPIC -O    -o conftest conftest.c -Wl,-force_load,./libconftest.a
configure:7656: result: yes
configure:7695: checking for dlfcn.h
configure:7695: gcc -c -fPIC -O  conftest.c >&5
configure:7695: $? = 0
configure:7695: result: yes
configure:7852: checking for objdir
configure:7867: result: .libs
configure:8138: checking if gcc supports -fno-rtti -fno-exceptions
configure:8156: gcc -c -fPIC -O  -fno-rtti -fno-exceptions conftest.c >&5
configure:8160: $? = 0
configure:8173: result: yes
configure:8193: checking for gcc option to produce PIC
configure:8479: result: -fno-common -DPIC
configure:8491: checking if gcc PIC flag -fno-common -DPIC works
configure:8509: gcc -c -fPIC -O  -fno-common -DPIC -DPIC conftest.c >&5
configure:8513: $? = 0
configure:8526: result: yes
configure:8550: checking if gcc static flag -static works
configure:8578: result: no
configure:8593: checking if gcc supports -c -o file.o
configure:8614: gcc -c -fPIC -O  -o out/conftest2.o conftest.c >&5
configure:8618: $? = 0
configure:8640: result: yes
configure:8648: checking if gcc supports -c -o file.o
configure:8695: result: yes
configure:8728: checking whether the gcc linker (/Applications/Xcode.app/Contents/Developer/Toolchains/XcodeDefault.xctoolchain/usr/bin/ld) supports shared libraries
configure:9799: result: yes
configure:10044: checking dynamic linker characteristics
configure:10717: result: darwin21.6.0 dyld
configure:10824: checking how to hardcode library paths into programs
configure:10849: result: immediate
configure:11389: checking whether stripping libraries is possible
configure:11403: result: yes
configure:11429: checking if libtool supports shared libraries
configure:11431: result: yes
configure:11434: checking whether to build shared libraries
configure:11455: result: no
configure:11458: checking whether to build static libraries
configure:11462: result: yes
configure:11677: checking whether gcc supports -Wmissing-field-initializers
configure:11694: gcc -c -Wmissing-field-initializers  conftest.c >&5
configure:11694: $? = 0
configure:11703: result: yes
configure:11729: checking whether to enable maintainer-specific portions of Makefiles
configure:11738: result: no
configure:11766: checking whether to install libbfd
configure:11779: result: yes
configure:11825: checking whether NLS is requested
configure:11828: result: no
configure:11896: checking whether NLS is requested
configure:11905: result: no
configure:11943: checking for msgfmt
configure:11974: result: /opt/local/bin/msgfmt
configure:11983: checking for gmsgfmt
configure:12014: result: /opt/local/bin/msgfmt
configure:12054: checking for xgettext
configure:12085: result: /opt/local/bin/xgettext
configure:12125: checking for msgmerge
configure:12155: result: /opt/local/bin/msgmerge
configure:12237: checking for string.h
configure:12237: result: yes
configure:12237: checking for strings.h
configure:12237: result: yes
configure:12237: checking for stdlib.h
configure:12237: result: yes
configure:12237: checking limits.h usability
configure:12237: gcc -c -fPIC -O  conftest.c >&5
configure:12237: $? = 0
configure:12237: result: yes
configure:12237: checking limits.h presence
configure:12237: gcc -E  conftest.c
configure:12237: $? = 0
configure:12237: result: yes
configure:12237: checking for limits.h
configure:12237: result: yes
configure:12248: checking whether string.h and strings.h may both be included
configure:12265: gcc -c -fPIC -O  conftest.c >&5
configure:12265: $? = 0
configure:12272: result: yes
configure:12281: checking whether basename is declared
configure:12281: gcc -c -fPIC -O  conftest.c >&5
conftest.c:73:10: error: use of undeclared identifier 'basename'
  (void) basename;
         ^
1 error generated.
configure:12281: $? = 1
configure: failed program was:
| /* confdefs.h */
| #define PACKAGE_NAME "opcodes"
| #define PACKAGE_TARNAME "opcodes"
| #define PACKAGE_VERSION "2.30"
| #define PACKAGE_STRING "opcodes 2.30"
| #define PACKAGE_BUGREPORT ""
| #define PACKAGE_URL ""
| #define PACKAGE "opcodes"
| #define VERSION "2.30"
| #define STDC_HEADERS 1
| #define HAVE_SYS_TYPES_H 1
| #define HAVE_SYS_STAT_H 1
| #define HAVE_STDLIB_H 1
| #define HAVE_STRING_H 1
| #define HAVE_MEMORY_H 1
| #define HAVE_STRINGS_H 1
| #define HAVE_INTTYPES_H 1
| #define HAVE_STDINT_H 1
| #define HAVE_UNISTD_H 1
| #define __EXTENSIONS__ 1
| #define _ALL_SOURCE 1
| #define _GNU_SOURCE 1
| #define _POSIX_PTHREAD_SEMANTICS 1
| #define _TANDEM_SOURCE 1
| #define HAVE_DLFCN_H 1
| #define LT_OBJDIR ".libs/"
| #define HAVE_STRING_H 1
| #define HAVE_STRINGS_H 1
| #define HAVE_STDLIB_H 1
| #define HAVE_LIMITS_H 1
| #define STRING_WITH_STRINGS 1
| /* end confdefs.h.  */
| #include <stdio.h>
| #ifdef HAVE_SYS_TYPES_H
| # include <sys/types.h>
| #endif
| #ifdef HAVE_SYS_STAT_H
| # include <sys/stat.h>
| #endif
| #ifdef STDC_HEADERS
| # include <stdlib.h>
| # include <stddef.h>
| #else
| # ifdef HAVE_STDLIB_H
| #  include <stdlib.h>
| # endif
| #endif
| #ifdef HAVE_STRING_H
| # if !defined STDC_HEADERS && defined HAVE_MEMORY_H
| #  include <memory.h>
| # endif
| # include <string.h>
| #endif
| #ifdef HAVE_STRINGS_H
| # include <strings.h>
| #endif
| #ifdef HAVE_INTTYPES_H
| # include <inttypes.h>
| #endif
| #ifdef HAVE_STDINT_H
| # include <stdint.h>
| #endif
| #ifdef HAVE_UNISTD_H
| # include <unistd.h>
| #endif
| int
| main ()
| {
| #ifndef basename
| #ifdef __cplusplus
|   (void) basename;
| #else
|   (void) basename;
| #endif
| #endif
| 
|   ;
|   return 0;
| }
configure:12281: result: no
configure:12291: checking whether stpcpy is declared
configure:12291: gcc -c -fPIC -O  conftest.c >&5
configure:12291: $? = 0
configure:12291: result: yes
configure:12305: checking for sigsetjmp
configure:12323: gcc -c -fPIC -O  conftest.c >&5
configure:12323: $? = 0
configure:12330: result: 
configure:12368: checking linker --as-needed support
configure:12379: result: no
configure:12842: updating cache ./config.cache
configure:12907: creating ./config.status

## ---------------------- ##
## Running config.status. ##
## ---------------------- ##

This file was extended by opcodes config.status 2.30, which was
generated by GNU Autoconf 2.64.  Invocation command line was

  CONFIG_FILES    = 
  CONFIG_HEADERS  = 
  CONFIG_LINKS    = 
  CONFIG_COMMANDS = 
  $ ./config.status 

on dengyouxudeMacBook-Pro.local

config.status:1132: creating Makefile
config.status:1132: creating po/Makefile.in
config.status:1132: creating config.h
config.status:1345: executing depfiles commands
config.status:1345: executing libtool commands
config.status:1345: executing default-1 commands

## ---------------- ##
## Cache variables. ##
## ---------------- ##

ac_cv_build=x86_64-apple-darwin21.6.0
ac_cv_c_compiler_gnu=yes
ac_cv_env_CC_set=set
ac_cv_env_CC_value=gcc
ac_cv_env_CFLAGS_set=set
ac_cv_env_CFLAGS_value='-fPIC -O'
ac_cv_env_CPPFLAGS_set=
ac_cv_env_CPPFLAGS_value=
ac_cv_env_CPP_set=
ac_cv_env_CPP_value=
ac_cv_env_LDFLAGS_set=set
ac_cv_env_LDFLAGS_value='  '
ac_cv_env_LIBS_set=
ac_cv_env_LIBS_value=
ac_cv_env_build_alias_set=set
ac_cv_env_build_alias_value=x86_64-apple-darwin21.6.0
ac_cv_env_host_alias_set=set
ac_cv_env_host_alias_value=x86_64-apple-darwin21.6.0
ac_cv_env_target_alias_set=set
ac_cv_env_target_alias_value=x86_64-apple-darwin21.6.0
ac_cv_have_decl_basename=no
ac_cv_have_decl_stpcpy=yes
ac_cv_header_dlfcn_h=yes
ac_cv_header_inttypes_h=yes
ac_cv_header_limits_h=yes
ac_cv_header_memory_h=yes
ac_cv_header_minix_config_h=no
ac_cv_header_stdc=yes
ac_cv_header_stdint_h=yes
ac_cv_header_stdlib_h=yes
ac_cv_header_string_h=yes
ac_cv_header_strings_h=yes
ac_cv_header_sys_stat_h=yes
ac_cv_header_sys_types_h=yes
ac_cv_header_unistd_h=yes
ac_cv_host=x86_64-apple-darwin21.6.0
ac_cv_objext=o
ac_cv_path_EGREP='/usr/local/bin/ggrep -E'
ac_cv_path_FGREP='/usr/local/bin/ggrep -F'
ac_cv_path_GMSGFMT=/opt/local/bin/msgfmt
ac_cv_path_GREP=/usr/local/bin/ggrep
ac_cv_path_MSGFMT=/opt/local/bin/msgfmt
ac_cv_path_MSGMERGE=/opt/local/bin/msgmerge
ac_cv_path_SED=/usr/local/bin/gsed
ac_cv_path_XGETTEXT=/opt/local/bin/xgettext
ac_cv_path_install='/usr/local/bin/ginstall -c'
ac_cv_path_mkdir=/usr/local/bin/gmkdir
ac_cv_prog_AR=ar
ac_cv_prog_AWK=gawk
ac_cv_prog_CC=gcc
ac_cv_prog_CPP='gcc -E'
ac_cv_prog_OBJDUMP=objdump
ac_cv_prog_RANLIB=ranlib
ac_cv_prog_ac_ct_DSYMUTIL=dsymutil
ac_cv_prog_ac_ct_LIPO=lipo
ac_cv_prog_ac_ct_NMEDIT=nmedit
ac_cv_prog_ac_ct_OTOOL=otool
ac_cv_prog_ac_ct_STRIP=strip
ac_cv_prog_cc_c89=
ac_cv_prog_cc_g=yes
ac_cv_prog_make_make_set=yes
ac_cv_safe_to_define___extensions__=yes
ac_cv_search_strerror='none required'
ac_cv_target=x86_64-apple-darwin21.6.0
acx_cv_prog_cc_warning__Wmissing_field_initializers=yes
am_cv_CC_dependencies_compiler_type=gcc3
bfd_cv_func_sigsetjmp=yes
bfd_cv_ld_as_needed=no
gcc_cv_header_string=yes
lt_cv_apple_cc_single_mod=yes
lt_cv_deplibs_check_method=pass_all
lt_cv_file_magic_cmd='$MAGIC_CMD'
lt_cv_file_magic_test_file=
lt_cv_ld_exported_symbols_list=yes
lt_cv_ld_force_load=yes
lt_cv_ld_reload_flag=-r
lt_cv_nm_interface='BSD nm'
lt_cv_objdir=.libs
lt_cv_path_LD=/Applications/Xcode.app/Contents/Developer/Toolchains/XcodeDefault.xctoolchain/usr/bin/ld
lt_cv_path_NM=nm
lt_cv_prog_compiler_c_o=yes
lt_cv_prog_compiler_pic_works=yes
lt_cv_prog_compiler_rtti_exceptions=yes
lt_cv_prog_compiler_static_works=no
lt_cv_prog_gnu_ld=no
lt_cv_sys_global_symbol_pipe='sed -n -e '\''s/^.*[	 ]\([ABCDGIRSTW][ABCDGIRSTW]*\)[	 ][	 ]*_\([_A-Za-z][_A-Za-z0-9]*\)$/\1 _\2 \2/p'\'''
lt_cv_sys_global_symbol_to_c_name_address='sed -n -e '\''s/^: \([^ ]*\) $/  {\"\1\", (void *) 0},/p'\'' -e '\''s/^[ABCDGIRSTW]* \([^ ]*\) \([^ ]*\)$/  {"\2", (void *) \&\2},/p'\'''
lt_cv_sys_global_symbol_to_c_name_address_lib_prefix='sed -n -e '\''s/^: \([^ ]*\) $/  {\"\1\", (void *) 0},/p'\'' -e '\''s/^[ABCDGIRSTW]* \([^ ]*\) \(lib[^ ]*\)$/  {"\2", (void *) \&\2},/p'\'' -e '\''s/^[ABCDGIRSTW]* \([^ ]*\) \([^ ]*\)$/  {"lib\2", (void *) \&\2},/p'\'''
lt_cv_sys_global_symbol_to_cdecl='sed -n -e '\''s/^T .* \(.*\)$/extern int \1();/p'\'' -e '\''s/^[ABCDGIRSTW]* .* \(.*\)$/extern char \1;/p'\'''
lt_cv_sys_max_cmd_len=786432

## ----------------- ##
## Output variables. ##
## ----------------- ##

ACLOCAL='${SHELL} /Users/dengyouxu/Developer/Software/openjdk8u/jdk8u-xcode10/jdk8u-dev/hotspot/src/share/tools/binutils/binutils-2.30/missing --run aclocal-1.11'
AMDEPBACKSLASH='\'
AMDEP_FALSE='#'
AMDEP_TRUE=''
AMTAR='$${TAR-tar}'
AR='ar'
AUTOCONF='${SHELL} /Users/dengyouxu/Developer/Software/openjdk8u/jdk8u-xcode10/jdk8u-dev/hotspot/src/share/tools/binutils/binutils-2.30/missing --run autoconf'
AUTOHEADER='${SHELL} /Users/dengyouxu/Developer/Software/openjdk8u/jdk8u-xcode10/jdk8u-dev/hotspot/src/share/tools/binutils/binutils-2.30/missing --run autoheader'
AUTOMAKE='${SHELL} /Users/dengyouxu/Developer/Software/openjdk8u/jdk8u-xcode10/jdk8u-dev/hotspot/src/share/tools/binutils/binutils-2.30/missing --run automake-1.11'
AWK='gawk'
BFD_MACHINES=' i386-dis.lo i386-opc.lo ppc-dis.lo ppc-opc.lo'
BUILD_LIBS='../libiberty/libiberty.a '
BUILD_LIB_DEPS='../libiberty/libiberty.a '
CATALOGS=''
CATOBJEXT=''
CC='gcc'
CCDEPMODE='depmode=gcc3'
CC_FOR_BUILD='gcc'
CFLAGS='-fPIC -O'
CGEN_MAINT_FALSE=''
CGEN_MAINT_TRUE='#'
CPP='gcc -E'
CPPFLAGS=''
CYGPATH_W='echo'
DATADIRNAME=''
DEFS='-DHAVE_CONFIG_H'
DEPDIR='.deps'
DSYMUTIL='dsymutil'
DUMPBIN=''
ECHO_C='\c'
ECHO_N=''
ECHO_T=''
EGREP='/usr/local/bin/ggrep -E'
EXEEXT=''
EXEEXT_FOR_BUILD='$(EXEEXT)'
FGREP='/usr/local/bin/ggrep -F'
GENCAT=''
GMSGFMT='/opt/local/bin/msgfmt'
GREP='/usr/local/bin/ggrep'
HDEFINES=''
INCINTL=''
INSTALL_DATA='${INSTALL} -m 644'
INSTALL_LIBBFD_FALSE='#'
INSTALL_LIBBFD_TRUE=''
INSTALL_PROGRAM='${INSTALL}'
INSTALL_SCRIPT='${INSTALL}'
INSTALL_STRIP_PROGRAM='$(install_sh) -c -s'
INSTOBJEXT=''
LD='/Applications/Xcode.app/Contents/Developer/Toolchains/XcodeDefault.xctoolchain/usr/bin/ld'
LDFLAGS='  '
LIBINTL=''
LIBINTL_DEP=''
LIBM=''
LIBOBJS=''
LIBS=''
LIBTOOL='$(SHELL) $(top_builddir)/libtool'
LIPO='lipo'
LN_S='ln -s'
LTLIBOBJS=''
MAINT='#'
MAINTAINER_MODE_FALSE=''
MAINTAINER_MODE_TRUE='#'
MAKEINFO='makeinfo'
MKDIR_P='/usr/local/bin/gmkdir -p'
MKINSTALLDIRS='/Users/dengyouxu/Developer/Software/openjdk8u/jdk8u-xcode10/jdk8u-dev/hotspot/src/share/tools/binutils/binutils-2.30/opcodes/../mkinstalldirs'
MSGFMT='/opt/local/bin/msgfmt'
MSGMERGE='/opt/local/bin/msgmerge'
NM='nm'
NMEDIT='nmedit'
NO_WERROR=''
NO_WMISSING_FIELD_INITIALIZERS='-Wno-missing-field-initializers'
OBJDUMP='objdump'
OBJEXT='o'
OTOOL64=':'
OTOOL='otool'
PACKAGE='opcodes'
PACKAGE_BUGREPORT=''
PACKAGE_NAME='opcodes'
PACKAGE_STRING='opcodes 2.30'
PACKAGE_TARNAME='opcodes'
PACKAGE_URL=''
PACKAGE_VERSION='2.30'
PATH_SEPARATOR=':'
POSUB=''
RANLIB='ranlib'
SED='/usr/local/bin/gsed'
SET_MAKE=''
SHARED_DEPENDENCIES=''
SHARED_LDFLAGS=''
SHARED_LIBADD=''
SHELL='/bin/sh'
STRIP='strip'
USE_NLS='no'
VERSION='2.30'
WARN_CFLAGS='-W -Wall -Wstrict-prototypes -Wmissing-prototypes -Wshadow'
WARN_CFLAGS_FOR_BUILD='-W -Wall -Wstrict-prototypes -Wmissing-prototypes -Wshadow'
WARN_WRITE_STRINGS='-Wwrite-strings'
XGETTEXT='/opt/local/bin/xgettext'
ac_ct_CC=''
ac_ct_DUMPBIN=''
am__EXEEXT_FALSE=''
am__EXEEXT_TRUE='#'
am__fastdepCC_FALSE='#'
am__fastdepCC_TRUE=''
am__include='include'
am__isrc=' -I$(srcdir)'
am__leading_dot='.'
am__nodep='_no'
am__quote=''
am__tar='$${TAR-tar} chof - "$$tardir"'
am__untar='$${TAR-tar} xf -'
archdefs=' -DARCH_i386 -DARCH_powerpc -DARCH_rs6000'
bfdincludedir='$(includedir)'
bfdlibdir='$(libdir)'
bindir='${exec_prefix}/bin'
build='x86_64-apple-darwin21.6.0'
build_alias='x86_64-apple-darwin21.6.0'
build_cpu='x86_64'
build_os='darwin21.6.0'
build_vendor='apple'
cgendir='$(srcdir)/../cgen'
datadir='${datarootdir}'
datarootdir='${prefix}/share'
docdir='${datarootdir}/doc/${PACKAGE_TARNAME}'
dvidir='${docdir}'
exec_prefix='${prefix}'
host='x86_64-apple-darwin21.6.0'
host_alias='x86_64-apple-darwin21.6.0'
host_cpu='x86_64'
host_noncanonical='x86_64-apple-darwin21.6.0'
host_os='darwin21.6.0'
host_vendor='apple'
htmldir='${docdir}'
includedir='${prefix}/include'
infodir='${datarootdir}/info'
install_sh='${SHELL} /Users/dengyouxu/Developer/Software/openjdk8u/jdk8u-xcode10/jdk8u-dev/hotspot/src/share/tools/binutils/binutils-2.30/install-sh'
libdir='${exec_prefix}/lib'
libexecdir='${exec_prefix}/libexec'
localedir='${datarootdir}/locale'
localstatedir='${prefix}/var'
mandir='${datarootdir}/man'
mkdir_p='/usr/local/bin/gmkdir -p'
oldincludedir='/usr/include'
pdfdir='${docdir}'
prefix='/usr/local'
program_transform_name='s,y,y,'
psdir='${docdir}'
sbindir='${exec_prefix}/sbin'
sharedstatedir='${prefix}/com'
sysconfdir='${prefix}/etc'
target='x86_64-apple-darwin21.6.0'
target_alias='x86_64-apple-darwin21.6.0'
target_cpu='x86_64'
target_noncanonical='x86_64-apple-darwin21.6.0'
target_os='darwin21.6.0'
target_vendor='apple'

## ----------- ##
## confdefs.h. ##
## ----------- ##

/* confdefs.h */
#define PACKAGE_NAME "opcodes"
#define PACKAGE_TARNAME "opcodes"
#define PACKAGE_VERSION "2.30"
#define PACKAGE_STRING "opcodes 2.30"
#define PACKAGE_BUGREPORT ""
#define PACKAGE_URL ""
#define PACKAGE "opcodes"
#define VERSION "2.30"
#define STDC_HEADERS 1
#define HAVE_SYS_TYPES_H 1
#define HAVE_SYS_STAT_H 1
#define HAVE_STDLIB_H 1
#define HAVE_STRING_H 1
#define HAVE_MEMORY_H 1
#define HAVE_STRINGS_H 1
#define HAVE_INTTYPES_H 1
#define HAVE_STDINT_H 1
#define HAVE_UNISTD_H 1
#define __EXTENSIONS__ 1
#define _ALL_SOURCE 1
#define _GNU_SOURCE 1
#define _POSIX_PTHREAD_SEMANTICS 1
#define _TANDEM_SOURCE 1
#define HAVE_DLFCN_H 1
#define LT_OBJDIR ".libs/"
#define HAVE_STRING_H 1
#define HAVE_STRINGS_H 1
#define HAVE_STDLIB_H 1
#define HAVE_LIMITS_H 1
#define STRING_WITH_STRINGS 1
#define HAVE_DECL_BASENAME 0
#define HAVE_DECL_STPCPY 1
#define HAVE_SIGSETJMP 1

configure: exit 0
